<?xml version="1.0" encoding="UTF-8"?>
<!-- Generated by org.testng.reporters.JUnitXMLReporter -->
<testsuite hostname="MYPC" ignored="0" name="Test1" tests="1" failures="1" timestamp="31 May 2021 06:21:50 GMT" time="31.334" errors="0">
  <testcase name="basePageNavigation" time="1.556" classname="academy.ValidateTitle">
    <failure type="java.lang.AssertionError" message="expected [FEATUREd COURSES] but found [FEATURED COURSES]">
      <![CDATA[java.lang.AssertionError: expected [FEATUREd COURSES] but found [FEATURED COURSES]
at academy.ValidateTitle.basePageNavigation(ValidateTitle.java:37)
... Removed 31 stack frames]]>
    </failure>
  </testcase> <!-- basePageNavigation -->
</testsuite> <!-- Test1 -->
