<?xml version="1.0" encoding="UTF-8"?>
<testng-results skipped="0" failed="0" ignored="0" total="1" passed="1">
  <reporter-output>
  </reporter-output>
  <suite name="Default suite" duration-ms="29992" started-at="2021-05-12T06:39:01Z" finished-at="2021-05-12T06:39:31Z">
    <groups>
    </groups>
    <test name="Default test" duration-ms="29992" started-at="2021-05-12T06:39:01Z" finished-at="2021-05-12T06:39:31Z">
      <class name="academy.HomePage">
        <test-method status="PASS" signature="initialize()[pri:0, instance:academy.HomePage@7bba5817]" name="initialize" is-config="true" duration-ms="4933" started-at="2021-05-12T06:39:01Z" finished-at="2021-05-12T06:39:06Z">
          <reporter-output>
          </reporter-output>
        </test-method> <!-- initialize -->
        <test-method status="PASS" signature="basePageNavigation(java.lang.String, java.lang.String, java.lang.String)[pri:0, instance:academy.HomePage@7bba5817]" name="basePageNavigation" duration-ms="25023" started-at="2021-05-12T06:39:06Z" data-provider="data" finished-at="2021-05-12T06:39:31Z">
          <params>
            <param index="0">
              <value>
                <![CDATA[karthik.sachin]]>
              </value>
            </param>
            <param index="1">
              <value>
                <![CDATA[karthi1234]]>
              </value>
            </param>
            <param index="2">
              <value>
                <![CDATA[Restricted user]]>
              </value>
            </param>
          </params>
          <reporter-output>
          </reporter-output>
        </test-method> <!-- basePageNavigation -->
      </class> <!-- academy.HomePage -->
    </test> <!-- Default test -->
  </suite> <!-- Default suite -->
</testng-results>
